2019-12-31 16:47:22<xml><ToUserName><![CDATA[gh_d8eee03d7d27]]></ToUserName>
<FromUserName><![CDATA[osgA1xM5iXawULn44FQvew-W7tMI]]></FromUserName>
<CreateTime>1577759577</CreateTime>
<MsgType><![CDATA[text]]></MsgType>
<Content><![CDATA[河北犯得上地方天气]]></Content>
<MsgId>22588083720189952</MsgId>
</xml>



2019-12-31 16:47:48<xml><ToUserName><![CDATA[gh_d8eee03d7d27]]></ToUserName>
<FromUserName><![CDATA[osgA1xM5iXawULn44FQvew-W7tMI]]></FromUserName>
<CreateTime>1577759577</CreateTime>
<MsgType><![CDATA[text]]></MsgType>
<Content><![CDATA[河北犯得上地方天气]]></Content>
<MsgId>22588083720189952</MsgId>
</xml>



2019-12-31 16:47:54<xml><ToUserName><![CDATA[gh_d8eee03d7d27]]></ToUserName>
<FromUserName><![CDATA[osgA1xM5iXawULn44FQvew-W7tMI]]></FromUserName>
<CreateTime>1577759577</CreateTime>
<MsgType><![CDATA[text]]></MsgType>
<Content><![CDATA[河北犯得上地方天气]]></Content>
<MsgId>22588083720189952</MsgId>
</xml>



2019-12-31 16:48:04<xml><ToUserName><![CDATA[gh_d8eee03d7d27]]></ToUserName>
<FromUserName><![CDATA[osgA1xM5iXawULn44FQvew-W7tMI]]></FromUserName>
<CreateTime>1577759577</CreateTime>
<MsgType><![CDATA[text]]></MsgType>
<Content><![CDATA[河北犯得上地方天气]]></Content>
<MsgId>22588083720189952</MsgId>
</xml>



2019-12-31 16:48:10<xml><ToUserName><![CDATA[gh_d8eee03d7d27]]></ToUserName>
<FromUserName><![CDATA[osgA1xM5iXawULn44FQvew-W7tMI]]></FromUserName>
<CreateTime>1577759577</CreateTime>
<MsgType><![CDATA[text]]></MsgType>
<Content><![CDATA[河北犯得上地方]]></Content>
<MsgId>22588083720189952</MsgId>
</xml>



2019-12-31 16:48:31<xml><ToUserName><![CDATA[gh_d8eee03d7d27]]></ToUserName>
<FromUserName><![CDATA[osgA1xM5iXawULn44FQvew-W7tMI]]></FromUserName>
<CreateTime>1577759577</CreateTime>
<MsgType><![CDATA[text]]></MsgType>
<Content><![CDATA[河北犯得上地方]]></Content>
<MsgId>22588083720189952</MsgId>
</xml>



2019-12-31 16:48:45<xml><ToUserName><![CDATA[gh_d8eee03d7d27]]></ToUserName>
<FromUserName><![CDATA[osgA1xM5iXawULn44FQvew-W7tMI]]></FromUserName>
<CreateTime>1577759577</CreateTime>
<MsgType><![CDATA[text]]></MsgType>
<Content><![CDATA[河北天气]]></Content>
<MsgId>22588083720189952</MsgId>
</xml>



2020-01-01 20:50:10


2020-01-01 20:50:27<xml><ToUserName><![CDATA[gh_d8eee03d7d27]]></ToUserName>
<FromUserName><![CDATA[osgA1xM5iXawULn44FQvew-W7tMI]]></FromUserName>
<CreateTime>1577759577</CreateTime>
<MsgType><![CDATA[text]]></MsgType>
<Content><![CDATA[河北天气]]></Content>
<MsgId>22588083720189952</MsgId>
</xml>



2020-01-01 21:09:51<xml><ToUserName><![CDATA[gh_d8eee03d7d27]]></ToUserName>
<FromUserName><![CDATA[osgA1xM5iXawULn44FQvew-W7tMI]]></FromUserName>
<CreateTime>1577759577</CreateTime>
<MsgType><![CDATA[text]]></MsgType>
<Content><![CDATA[河北天气]]></Content>
<MsgId>22588083720189952</MsgId>
</xml>



2020-01-01 21:10:14<xml><ToUserName><![CDATA[gh_d8eee03d7d27]]></ToUserName>
<FromUserName><![CDATA[osgA1xM5iXawULn44FQvew-W7tMI]]></FromUserName>
<CreateTime>1577759577</CreateTime>
<MsgType><![CDATA[text]]></MsgType>
<Content><![CDATA[河北天气]]></Content>
<MsgId>22588083720189952</MsgId>
</xml>



2020-01-01 21:10:51<xml><ToUserName><![CDATA[gh_d8eee03d7d27]]></ToUserName>
<FromUserName><![CDATA[osgA1xM5iXawULn44FQvew-W7tMI]]></FromUserName>
<CreateTime>1577759577</CreateTime>
<MsgType><![CDATA[text]]></MsgType>
<Content><![CDATA[河北天气]]></Content>
<MsgId>22588083720189952</MsgId>
</xml>



2020-01-01 21:14:28<xml><ToUserName><![CDATA[gh_d8eee03d7d27]]></ToUserName>
<FromUserName><![CDATA[osgA1xM5iXawULn44FQvew-W7tMI]]></FromUserName>
<CreateTime>1577884402</CreateTime>
<MsgType><![CDATA[event]]></MsgType>
<Event><![CDATA[subscribe]]></Event>
<EventKey><![CDATA[]]></EventKey>
</xml>




2020-01-01 21:16:40<xml><ToUserName><![CDATA[gh_d8eee03d7d27]]></ToUserName>
<FromUserName><![CDATA[osgA1xM5iXawULn44FQvew-W7tMI]]></FromUserName>
<CreateTime>1577884402</CreateTime>
<MsgType><![CDATA[event]]></MsgType>
<Event><![CDATA[subscribe]]></Event>
<EventKey><![CDATA[]]></EventKey>
</xml>




2020-01-01 21:16:52<xml><ToUserName><![CDATA[gh_d8eee03d7d27]]></ToUserName>
<FromUserName><![CDATA[osgA1xM5iXawULn44FQvew-W7tMI]]></FromUserName>
<CreateTime>1577884402</CreateTime>
<MsgType><![CDATA[event]]></MsgType>
<Event><![CDATA[subscribe]]></Event>
<EventKey><![CDATA[]]></EventKey>
</xml>




2020-01-01 21:30:22<xml><ToUserName><![CDATA[gh_d8eee03d7d27]]></ToUserName>
<FromUserName><![CDATA[osgA1xM5iXawULn44FQvew-W7tMI]]></FromUserName>
<CreateTime>1577884402</CreateTime>
<MsgType><![CDATA[event]]></MsgType>
<Event><![CDATA[subscribe]]></Event>
<EventKey><![CDATA[]]></EventKey>
</xml>




2020-01-01 21:30:52<xml><ToUserName><![CDATA[gh_d8eee03d7d27]]></ToUserName>
<FromUserName><![CDATA[osgA1xM5iXawULn44FQvew-W7tMI]]></FromUserName>
<CreateTime>1577884402</CreateTime>
<MsgType><![CDATA[event]]></MsgType>
<Event><![CDATA[subscribe]]></Event>
<EventKey><![CDATA[]]></EventKey>
</xml>




2020-01-01 21:32:36<xml><ToUserName><![CDATA[gh_d8eee03d7d27]]></ToUserName>
<FromUserName><![CDATA[osgA1xM5iXawULn44FQvew-W7tMI]]></FromUserName>
<CreateTime>1577884402</CreateTime>
<MsgType><![CDATA[event]]></MsgType>
<Event><![CDATA[subscribe]]></Event>
<EventKey><![CDATA[]]></EventKey>
</xml>




2020-01-01 21:33:14<xml><ToUserName><![CDATA[gh_d8eee03d7d27]]></ToUserName>
<FromUserName><![CDATA[osgA1xM5iXawULn44FQvew-W7tMI]]></FromUserName>
<CreateTime>1577884402</CreateTime>
<MsgType><![CDATA[event]]></MsgType>
<Event><![CDATA[subscribe]]></Event>
<EventKey><![CDATA[]]></EventKey>
</xml>




2020-01-01 21:47:49<xml><ToUserName><![CDATA[gh_d8eee03d7d27]]></ToUserName>
<FromUserName><![CDATA[osgA1xM5iXawULn44FQvew-W7tMI]]></FromUserName>
<CreateTime>1577884402</CreateTime>
<MsgType><![CDATA[event]]></MsgType>
<Event><![CDATA[subscribe]]></Event>
<EventKey><![CDATA[]]></EventKey>
</xml>




2020-01-01 22:10:30<xml><ToUserName><![CDATA[gh_d8eee03d7d27]]></ToUserName>
<FromUserName><![CDATA[osgA1xM5iXawULn44FQvew-W7tMI]]></FromUserName>
<CreateTime>1577884402</CreateTime>
<MsgType><![CDATA[event]]></MsgType>
<Event><![CDATA[subscribe]]></Event>
<EventKey><![CDATA[]]></EventKey>
</xml>




2020-01-01 22:11:34<xml><ToUserName><![CDATA[gh_d8eee03d7d27]]></ToUserName>
<FromUserName><![CDATA[osgA1xM5iXawULn44FQvew-W7tMI]]></FromUserName>
<CreateTime>1577884402</CreateTime>
<MsgType><![CDATA[event]]></MsgType>
<Event><![CDATA[subscribe]]></Event>
<EventKey><![CDATA[]]></EventKey>
</xml>




2020-01-01 22:11:56<xml><ToUserName><![CDATA[gh_d8eee03d7d27]]></ToUserName>
<FromUserName><![CDATA[osgA1xM5iXawULn44FQvew-W7tMI]]></FromUserName>
<CreateTime>1577884402</CreateTime>
<MsgType><![CDATA[event]]></MsgType>
<Event><![CDATA[subscribe]]></Event>
<EventKey><![CDATA[]]></EventKey>
</xml>




2020-01-01 22:17:33<xml><ToUserName><![CDATA[gh_d8eee03d7d27]]></ToUserName>
<FromUserName><![CDATA[osgA1xM5iXawULn44FQvew-W7tMI]]></FromUserName>
<CreateTime>1577884402</CreateTime>
<MsgType><![CDATA[event]]></MsgType>
<Event><![CDATA[subscribe]]></Event>
<EventKey><![CDATA[]]></EventKey>
</xml>




2020-01-01 22:18:05<xml><ToUserName><![CDATA[gh_d8eee03d7d27]]></ToUserName>
<FromUserName><![CDATA[osgA1xM5iXawULn44FQvew-W7tMI]]></FromUserName>
<CreateTime>1577884402</CreateTime>
<MsgType><![CDATA[event]]></MsgType>
<Event><![CDATA[subscribe]]></Event>
<EventKey><![CDATA[]]></EventKey>
</xml>




2020-01-01 22:18:13<xml><ToUserName><![CDATA[gh_d8eee03d7d27]]></ToUserName>
<FromUserName><![CDATA[osgA1xM5iXawULn44FQvew-W7tMI]]></FromUserName>
<CreateTime>1577884402</CreateTime>
<MsgType><![CDATA[event]]></MsgType>
<Event><![CDATA[subscribe]]></Event>
<EventKey><![CDATA[]]></EventKey>
</xml>




2020-01-01 22:19:01<xml><ToUserName><![CDATA[gh_d8eee03d7d27]]></ToUserName>
<FromUserName><![CDATA[osgA1xM5iXawULn44FQvew-W7tMI]]></FromUserName>
<CreateTime>1577884402</CreateTime>
<MsgType><![CDATA[event]]></MsgType>
<Event><![CDATA[subscribe]]></Event>
<EventKey><![CDATA[]]></EventKey>
</xml>




2020-01-01 22:19:43<xml><ToUserName><![CDATA[gh_d8eee03d7d27]]></ToUserName>
<FromUserName><![CDATA[osgA1xM5iXawULn44FQvew-W7tMI]]></FromUserName>
<CreateTime>1577884402</CreateTime>
<MsgType><![CDATA[event]]></MsgType>
<Event><![CDATA[subscribe]]></Event>
<EventKey><![CDATA[]]></EventKey>
</xml>




2020-01-01 22:20:56<xml><ToUserName><![CDATA[gh_d8eee03d7d27]]></ToUserName>
<FromUserName><![CDATA[osgA1xM5iXawULn44FQvew-W7tMI]]></FromUserName>
<CreateTime>1577884402</CreateTime>
<MsgType><![CDATA[event]]></MsgType>
<Event><![CDATA[subscribe]]></Event>
<EventKey><![CDATA[]]></EventKey>
</xml>




2020-01-01 22:21:02<xml><ToUserName><![CDATA[gh_d8eee03d7d27]]></ToUserName>
<FromUserName><![CDATA[osgA1xM5iXawULn44FQvew-W7tMI]]></FromUserName>
<CreateTime>1577884402</CreateTime>
<MsgType><![CDATA[event]]></MsgType>
<Event><![CDATA[subscribe]]></Event>
<EventKey><![CDATA[]]></EventKey>
</xml>




2020-01-01 22:22:51<xml><ToUserName><![CDATA[gh_d8eee03d7d27]]></ToUserName>
<FromUserName><![CDATA[osgA1xM5iXawULn44FQvew-W7tMI]]></FromUserName>
<CreateTime>1577884402</CreateTime>
<MsgType><![CDATA[event]]></MsgType>
<Event><![CDATA[subscribe]]></Event>
<EventKey><![CDATA[]]></EventKey>
</xml>




2020-01-01 22:23:49<xml><ToUserName><![CDATA[gh_d8eee03d7d27]]></ToUserName>
<FromUserName><![CDATA[osgA1xM5iXawULn44FQvew-W7tMI]]></FromUserName>
<CreateTime>1577884402</CreateTime>
<MsgType><![CDATA[event]]></MsgType>
<Event><![CDATA[subscribe]]></Event>
<EventKey><![CDATA[]]></EventKey>
</xml>




2020-01-01 22:24:31<xml><ToUserName><![CDATA[gh_d8eee03d7d27]]></ToUserName>
<FromUserName><![CDATA[osgA1xM5iXawULn44FQvew-W7tMI]]></FromUserName>
<CreateTime>1577884402</CreateTime>
<MsgType><![CDATA[event]]></MsgType>
<Event><![CDATA[subscribe]]></Event>
<EventKey><![CDATA[]]></EventKey>
</xml>




2020-01-01 22:25:02<xml><ToUserName><![CDATA[gh_d8eee03d7d27]]></ToUserName>
<FromUserName><![CDATA[osgA1xM5iXawULn44FQvew-W7tMI]]></FromUserName>
<CreateTime>1577884402</CreateTime>
<MsgType><![CDATA[event]]></MsgType>
<Event><![CDATA[subscribe]]></Event>
<EventKey><![CDATA[]]></EventKey>
</xml>




2020-01-01 22:25:47<xml><ToUserName><![CDATA[gh_d8eee03d7d27]]></ToUserName>
<FromUserName><![CDATA[osgA1xM5iXawULn44FQvew-W7tMI]]></FromUserName>
<CreateTime>1577884402</CreateTime>
<MsgType><![CDATA[event]]></MsgType>
<Event><![CDATA[subscribe]]></Event>
<EventKey><![CDATA[]]></EventKey>
</xml>




2020-01-01 22:26:07<xml><ToUserName><![CDATA[gh_d8eee03d7d27]]></ToUserName>
<FromUserName><![CDATA[osgA1xM5iXawULn44FQvew-W7tMI]]></FromUserName>
<CreateTime>1577884402</CreateTime>
<MsgType><![CDATA[event]]></MsgType>
<Event><![CDATA[subscribe]]></Event>
<EventKey><![CDATA[]]></EventKey>
</xml>




2020-01-01 22:26:33<xml><ToUserName><![CDATA[gh_d8eee03d7d27]]></ToUserName>
<FromUserName><![CDATA[osgA1xM5iXawULn44FQvew-W7tMI]]></FromUserName>
<CreateTime>1577884402</CreateTime>
<MsgType><![CDATA[event]]></MsgType>
<Event><![CDATA[subscribe]]></Event>
<EventKey><![CDATA[]]></EventKey>
</xml>




2020-01-01 22:26:50<xml><ToUserName><![CDATA[gh_d8eee03d7d27]]></ToUserName>
<FromUserName><![CDATA[osgA1xM5iXawULn44FQvew-W7tMI]]></FromUserName>
<CreateTime>1577884402</CreateTime>
<MsgType><![CDATA[event]]></MsgType>
<Event><![CDATA[subscribe]]></Event>
<EventKey><![CDATA[]]></EventKey>
</xml>




2020-01-01 22:27:50<xml><ToUserName><![CDATA[gh_d8eee03d7d27]]></ToUserName>
<FromUserName><![CDATA[osgA1xM5iXawULn44FQvew-W7tMI]]></FromUserName>
<CreateTime>1577884402</CreateTime>
<MsgType><![CDATA[event]]></MsgType>
<Event><![CDATA[subscribe]]></Event>
<EventKey><![CDATA[]]></EventKey>
</xml>




2020-01-01 22:28:13<xml><ToUserName><![CDATA[gh_d8eee03d7d27]]></ToUserName>
<FromUserName><![CDATA[osgA1xM5iXawULn44FQvew-W7tMI]]></FromUserName>
<CreateTime>1577884402</CreateTime>
<MsgType><![CDATA[event]]></MsgType>
<Event><![CDATA[subscribe]]></Event>
<EventKey><![CDATA[]]></EventKey>
</xml>




2020-01-01 22:29:29<xml><ToUserName><![CDATA[gh_d8eee03d7d27]]></ToUserName>
<FromUserName><![CDATA[osgA1xM5iXawULn44FQvew-W7tMI]]></FromUserName>
<CreateTime>1577884402</CreateTime>
<MsgType><![CDATA[event]]></MsgType>
<Event><![CDATA[subscribe]]></Event>
<EventKey><![CDATA[]]></EventKey>
</xml>




2020-01-01 22:29:52<xml><ToUserName><![CDATA[gh_d8eee03d7d27]]></ToUserName>
<FromUserName><![CDATA[osgA1xM5iXawULn44FQvew-W7tMI]]></FromUserName>
<CreateTime>1577884402</CreateTime>
<MsgType><![CDATA[event]]></MsgType>
<Event><![CDATA[subscribe]]></Event>
<EventKey><![CDATA[]]></EventKey>
</xml>




2020-01-01 22:31:31<xml><ToUserName><![CDATA[gh_d8eee03d7d27]]></ToUserName>
<FromUserName><![CDATA[osgA1xM5iXawULn44FQvew-W7tMI]]></FromUserName>
<CreateTime>1577884402</CreateTime>
<MsgType><![CDATA[event]]></MsgType>
<Event><![CDATA[subscribe]]></Event>
<EventKey><![CDATA[]]></EventKey>
</xml>




2020-01-01 22:34:29<xml><ToUserName><![CDATA[gh_d8eee03d7d27]]></ToUserName>
<FromUserName><![CDATA[osgA1xM5iXawULn44FQvew-W7tMI]]></FromUserName>
<CreateTime>1577884402</CreateTime>
<MsgType><![CDATA[event]]></MsgType>
<Event><![CDATA[subscribe]]></Event>
<EventKey><![CDATA[]]></EventKey>
</xml>




2020-01-01 22:34:54<xml><ToUserName><![CDATA[gh_d8eee03d7d27]]></ToUserName>
<FromUserName><![CDATA[osgA1xM5iXawULn44FQvew-W7tMI]]></FromUserName>
<CreateTime>1577884402</CreateTime>
<MsgType><![CDATA[event]]></MsgType>
<Event><![CDATA[subscribe]]></Event>
<EventKey><![CDATA[]]></EventKey>
</xml>




2020-01-01 22:35:49<xml><ToUserName><![CDATA[gh_d8eee03d7d27]]></ToUserName>
<FromUserName><![CDATA[osgA1xM5iXawULn44FQvew-W7tMI]]></FromUserName>
<CreateTime>1577884402</CreateTime>
<MsgType><![CDATA[event]]></MsgType>
<Event><![CDATA[subscribe]]></Event>
<EventKey><![CDATA[]]></EventKey>
</xml>




2020-01-01 22:36:04<xml><ToUserName><![CDATA[gh_d8eee03d7d27]]></ToUserName>
<FromUserName><![CDATA[osgA1xM5iXawULn44FQvew-W7tMI]]></FromUserName>
<CreateTime>1577884402</CreateTime>
<MsgType><![CDATA[event]]></MsgType>
<Event><![CDATA[subscribe]]></Event>
<EventKey><![CDATA[]]></EventKey>
</xml>




2020-01-01 22:37:15<xml><ToUserName><![CDATA[gh_d8eee03d7d27]]></ToUserName>
<FromUserName><![CDATA[osgA1xM5iXawULn44FQvew-W7tMI]]></FromUserName>
<CreateTime>1577884402</CreateTime>
<MsgType><![CDATA[event]]></MsgType>
<Event><![CDATA[subscribe]]></Event>
<EventKey><![CDATA[]]></EventKey>
</xml>




2020-01-01 22:38:18<xml><ToUserName><![CDATA[gh_d8eee03d7d27]]></ToUserName>
<FromUserName><![CDATA[osgA1xM5iXawULn44FQvew-W7tMI]]></FromUserName>
<CreateTime>1577884402</CreateTime>
<MsgType><![CDATA[event]]></MsgType>
<Event><![CDATA[subscribe]]></Event>
<EventKey><![CDATA[]]></EventKey>
</xml>




2020-01-01 22:38:22<xml><ToUserName><![CDATA[gh_d8eee03d7d27]]></ToUserName>
<FromUserName><![CDATA[osgA1xM5iXawULn44FQvew-W7tMI]]></FromUserName>
<CreateTime>1577884402</CreateTime>
<MsgType><![CDATA[event]]></MsgType>
<Event><![CDATA[subscribe]]></Event>
<EventKey><![CDATA[]]></EventKey>
</xml>




2020-01-01 22:38:52<xml><ToUserName><![CDATA[gh_d8eee03d7d27]]></ToUserName>
<FromUserName><![CDATA[osgA1xM5iXawULn44FQvew-W7tMI]]></FromUserName>
<CreateTime>1577884402</CreateTime>
<MsgType><![CDATA[event]]></MsgType>
<Event><![CDATA[subscribe]]></Event>
<EventKey><![CDATA[]]></EventKey>
</xml>




2020-01-01 22:41:07<xml><ToUserName><![CDATA[gh_d8eee03d7d27]]></ToUserName>
<FromUserName><![CDATA[osgA1xM5iXawULn44FQvew-W7tMI]]></FromUserName>
<CreateTime>1577889571</CreateTime>
<MsgType><![CDATA[event]]></MsgType>
<Event><![CDATA[subscribe]]></Event>
<EventKey><![CDATA[]]></EventKey>
</xml>





2020-01-01 22:41:10<xml><ToUserName><![CDATA[gh_d8eee03d7d27]]></ToUserName>
<FromUserName><![CDATA[osgA1xM5iXawULn44FQvew-W7tMI]]></FromUserName>
<CreateTime>1577889571</CreateTime>
<MsgType><![CDATA[event]]></MsgType>
<Event><![CDATA[subscribe]]></Event>
<EventKey><![CDATA[]]></EventKey>
</xml>





2020-01-01 22:42:19<xml><ToUserName><![CDATA[gh_d8eee03d7d27]]></ToUserName>
<FromUserName><![CDATA[osgA1xM5iXawULn44FQvew-W7tMI]]></FromUserName>
<CreateTime>1577889571</CreateTime>
<MsgType><![CDATA[event]]></MsgType>
<Event><![CDATA[subscribe]]></Event>
<EventKey><![CDATA[]]></EventKey>
</xml>





2020-01-01 22:42:46<xml><ToUserName><![CDATA[gh_d8eee03d7d27]]></ToUserName>
<FromUserName><![CDATA[osgA1xM5iXawULn44FQvew-W7tMI]]></FromUserName>
<CreateTime>1577889571</CreateTime>
<MsgType><![CDATA[event]]></MsgType>
<Event><![CDATA[subscribe]]></Event>
<EventKey><![CDATA[]]></EventKey>
</xml>





2020-01-01 22:44:32<xml><ToUserName><![CDATA[gh_d8eee03d7d27]]></ToUserName>
<FromUserName><![CDATA[osgA1xM5iXawULn44FQvew-W7tMI]]></FromUserName>
<CreateTime>1577889571</CreateTime>
<MsgType><![CDATA[event]]></MsgType>
<Event><![CDATA[subscribe]]></Event>
<EventKey><![CDATA[]]></EventKey>
</xml>





2020-01-01 22:44:35<xml><ToUserName><![CDATA[gh_d8eee03d7d27]]></ToUserName>
<FromUserName><![CDATA[osgA1xM5iXawULn44FQvew-W7tMI]]></FromUserName>
<CreateTime>1577889571</CreateTime>
<MsgType><![CDATA[event]]></MsgType>
<Event><![CDATA[subscribe]]></Event>
<EventKey><![CDATA[]]></EventKey>
</xml>





2020-01-01 22:44:56<xml><ToUserName><![CDATA[gh_d8eee03d7d27]]></ToUserName>
<FromUserName><![CDATA[osgA1xM5iXawULn44FQvew-W7tMI]]></FromUserName>
<CreateTime>1577889571</CreateTime>
<MsgType><![CDATA[event]]></MsgType>
<Event><![CDATA[subscribe]]></Event>
<EventKey><![CDATA[]]></EventKey>
</xml>





2020-01-01 22:45:29<xml><ToUserName><![CDATA[gh_d8eee03d7d27]]></ToUserName>
<FromUserName><![CDATA[osgA1xM5iXawULn44FQvew-W7tMI]]></FromUserName>
<CreateTime>1577889571</CreateTime>
<MsgType><![CDATA[event]]></MsgType>
<Event><![CDATA[subscribe]]></Event>
<EventKey><![CDATA[]]></EventKey>
</xml>





