2020-01-06 10:41:22<xml><ToUserName><![CDATA[gh_d8eee03d7d27]]></ToUserName>
<FromUserName><![CDATA[osgA1xM5iXawULn44FQvew-W7tMI]]></FromUserName>
<CreateTime>1578278468</CreateTime>
<MsgType><![CDATA[event]]></MsgType>
<Event><![CDATA[subscribe]]></Event>
<EventKey><![CDATA[]]></EventKey>
</xml>






2020-01-06 10:41:32<xml><ToUserName><![CDATA[gh_d8eee03d7d27]]></ToUserName>
<FromUserName><![CDATA[osgA1xM5iXawULn44FQvew-W7tMI]]></FromUserName>
<CreateTime>1578278468</CreateTime>
<MsgType><![CDATA[event]]></MsgType>
<Event><![CDATA[subscribe]]></Event>
<EventKey><![CDATA[]]></EventKey>
</xml>






2020-01-06 10:42:14<xml><ToUserName><![CDATA[gh_d8eee03d7d27]]></ToUserName>
<FromUserName><![CDATA[osgA1xM5iXawULn44FQvew-W7tMI]]></FromUserName>
<CreateTime>1578278468</CreateTime>
<MsgType><![CDATA[event]]></MsgType>
<Event><![CDATA[subscribe]]></Event>
<EventKey><![CDATA[]]></EventKey>
</xml>






2020-01-06 10:46:57<xml><ToUserName><![CDATA[gh_d8eee03d7d27]]></ToUserName>
<FromUserName><![CDATA[osgA1xM5iXawULn44FQvew-W7tMI]]></FromUserName>
<CreateTime>1578278468</CreateTime>
<MsgType><![CDATA[event]]></MsgType>
<Event><![CDATA[subscribe]]></Event>
<EventKey><![CDATA[]]></EventKey>
</xml>






2020-01-06 10:48:02<xml><ToUserName><![CDATA[gh_d8eee03d7d27]]></ToUserName>
<FromUserName><![CDATA[osgA1xM5iXawULn44FQvew-W7tMI]]></FromUserName>
<CreateTime>1578278863</CreateTime>
<MsgType><![CDATA[event]]></MsgType>
<Event><![CDATA[subscribe]]></Event>
<EventKey><![CDATA[]]></EventKey>
</xml>







2020-01-06 10:48:31<xml><ToUserName><![CDATA[gh_d8eee03d7d27]]></ToUserName>
<FromUserName><![CDATA[osgA1xM5iXawULn44FQvew-W7tMI]]></FromUserName>
<CreateTime>1578278863</CreateTime>
<MsgType><![CDATA[event]]></MsgType>
<Event><![CDATA[subscribe]]></Event>
<EventKey><![CDATA[]]></EventKey>
</xml>







2020-01-06 10:50:23<xml><ToUserName><![CDATA[gh_d8eee03d7d27]]></ToUserName>
<FromUserName><![CDATA[osgA1xM5iXawULn44FQvew-W7tMI]]></FromUserName>
<CreateTime>1578278863</CreateTime>
<MsgType><![CDATA[event]]></MsgType>
<Event><![CDATA[subscribe]]></Event>
<EventKey><![CDATA[]]></EventKey>
</xml>







2020-01-06 10:53:06<xml><ToUserName><![CDATA[gh_d8eee03d7d27]]></ToUserName>
<FromUserName><![CDATA[osgA1xM5iXawULn44FQvew-W7tMI]]></FromUserName>
<CreateTime>1578278863</CreateTime>
<MsgType><![CDATA[event]]></MsgType>
<Event><![CDATA[subscribe]]></Event>
<EventKey><![CDATA[]]></EventKey>
</xml>







2020-01-06 10:54:26<xml><ToUserName><![CDATA[gh_d8eee03d7d27]]></ToUserName>
<FromUserName><![CDATA[osgA1xM5iXawULn44FQvew-W7tMI]]></FromUserName>
<CreateTime>1578278863</CreateTime>
<MsgType><![CDATA[event]]></MsgType>
<Event><![CDATA[subscribe]]></Event>
<EventKey><![CDATA[]]></EventKey>
</xml>







2020-01-06 10:54:46<xml><ToUserName><![CDATA[gh_d8eee03d7d27]]></ToUserName>
<FromUserName><![CDATA[osgA1xM5iXawULn44FQvew-W7tMI]]></FromUserName>
<CreateTime>1578278863</CreateTime>
<MsgType><![CDATA[event]]></MsgType>
<Event><![CDATA[subscribe]]></Event>
<EventKey><![CDATA[]]></EventKey>
</xml>







2020-01-06 10:55:20<xml><ToUserName><![CDATA[gh_d8eee03d7d27]]></ToUserName>
<FromUserName><![CDATA[osgA1xM5iXawULn44FQvew-W7tMI]]></FromUserName>
<CreateTime>1578278863</CreateTime>
<MsgType><![CDATA[event]]></MsgType>
<Event><![CDATA[subscribe]]></Event>
<EventKey><![CDATA[]]></EventKey>
</xml>







2020-01-06 10:55:51<xml><ToUserName><![CDATA[gh_d8eee03d7d27]]></ToUserName>
<FromUserName><![CDATA[osgA1xM5iXawULn44FQvew-W7tMI]]></FromUserName>
<CreateTime>1578278863</CreateTime>
<MsgType><![CDATA[event]]></MsgType>
<Event><![CDATA[subscribe]]></Event>
<EventKey><![CDATA[]]></EventKey>
</xml>







2020-01-06 10:58:19<xml><ToUserName><![CDATA[gh_d8eee03d7d27]]></ToUserName>
<FromUserName><![CDATA[osgA1xM5iXawULn44FQvew-W7tMI]]></FromUserName>
<CreateTime>1578278863</CreateTime>
<MsgType><![CDATA[event]]></MsgType>
<Event><![CDATA[subscribe]]></Event>
<EventKey><![CDATA[]]></EventKey>
</xml>







2020-01-06 10:58:55<xml><ToUserName><![CDATA[gh_d8eee03d7d27]]></ToUserName>
<FromUserName><![CDATA[osgA1xM5iXawULn44FQvew-W7tMI]]></FromUserName>
<CreateTime>1578278863</CreateTime>
<MsgType><![CDATA[event]]></MsgType>
<Event><![CDATA[subscribe]]></Event>
<EventKey><![CDATA[]]></EventKey>
</xml>







2020-01-06 11:00:47<xml><ToUserName><![CDATA[gh_d8eee03d7d27]]></ToUserName>
<FromUserName><![CDATA[osgA1xM5iXawULn44FQvew-W7tMI]]></FromUserName>
<CreateTime>1578278863</CreateTime>
<MsgType><![CDATA[event]]></MsgType>
<Event><![CDATA[subscribe]]></Event>
<EventKey><![CDATA[]]></EventKey>
</xml>







2020-01-06 11:01:30<xml><ToUserName><![CDATA[gh_d8eee03d7d27]]></ToUserName>
<FromUserName><![CDATA[osgA1xM5iXawULn44FQvew-W7tMI]]></FromUserName>
<CreateTime>1578278863</CreateTime>
<MsgType><![CDATA[event]]></MsgType>
<Event><![CDATA[subscribe]]></Event>
<EventKey><![CDATA[]]></EventKey>
</xml>







2020-01-06 11:05:10<xml><ToUserName><![CDATA[gh_d8eee03d7d27]]></ToUserName>
<FromUserName><![CDATA[osgA1xM5iXawULn44FQvew-W7tMI]]></FromUserName>
<CreateTime>1578278863</CreateTime>
<MsgType><![CDATA[event]]></MsgType>
<Event><![CDATA[subscribe]]></Event>
<EventKey><![CDATA[]]></EventKey>
</xml>







2020-01-06 11:05:26<xml><ToUserName><![CDATA[gh_d8eee03d7d27]]></ToUserName>
<FromUserName><![CDATA[osgA1xM5iXawULn44FQvew-W7tMI]]></FromUserName>
<CreateTime>1578278863</CreateTime>
<MsgType><![CDATA[event]]></MsgType>
<Event><![CDATA[subscribe]]></Event>
<EventKey><![CDATA[]]></EventKey>
</xml>







2020-01-06 11:09:43<xml><ToUserName><![CDATA[gh_d8eee03d7d27]]></ToUserName>
<FromUserName><![CDATA[osgA1xM5iXawULn44FQvew-W7tMI]]></FromUserName>
<CreateTime>1578278863</CreateTime>
<MsgType><![CDATA[event]]></MsgType>
<Event><![CDATA[subscribe]]></Event>
<EventKey><![CDATA[]]></EventKey>
</xml>







2020-01-06 11:11:00<xml><ToUserName><![CDATA[gh_d8eee03d7d27]]></ToUserName>
<FromUserName><![CDATA[osgA1xM5iXawULn44FQvew-W7tMI]]></FromUserName>
<CreateTime>1578278863</CreateTime>
<MsgType><![CDATA[event]]></MsgType>
<Event><![CDATA[subscribe]]></Event>
<EventKey><![CDATA[]]></EventKey>
</xml>







2020-01-06 11:11:41<xml><ToUserName><![CDATA[gh_d8eee03d7d27]]></ToUserName>
<FromUserName><![CDATA[osgA1xM5iXawULn44FQvew-W7tMI]]></FromUserName>
<CreateTime>1578278863</CreateTime>
<MsgType><![CDATA[event]]></MsgType>
<Event><![CDATA[subscribe]]></Event>
<EventKey><![CDATA[]]></EventKey>
</xml>







2020-01-06 11:12:09<xml><ToUserName><![CDATA[gh_d8eee03d7d27]]></ToUserName>
<FromUserName><![CDATA[osgA1xM5iXawULn44FQvew-W7tMI]]></FromUserName>
<CreateTime>1578278863</CreateTime>
<MsgType><![CDATA[event]]></MsgType>
<Event><![CDATA[subscribe]]></Event>
<EventKey><![CDATA[]]></EventKey>
</xml>







2020-01-06 11:24:38<xml><ToUserName><![CDATA[gh_d8eee03d7d27]]></ToUserName>
<FromUserName><![CDATA[osgA1xM5iXawULn44FQvew-W7tMI]]></FromUserName>
<CreateTime>1578278863</CreateTime>
<MsgType><![CDATA[event]]></MsgType>
<Event><![CDATA[subscribe]]></Event>
<EventKey><![CDATA[]]></EventKey>
</xml>







2020-01-06 11:25:02<xml><ToUserName><![CDATA[gh_d8eee03d7d27]]></ToUserName>
<FromUserName><![CDATA[osgA1xM5iXawULn44FQvew-W7tMI]]></FromUserName>
<CreateTime>1576133614</CreateTime>
<MsgType><![CDATA[text]]></MsgType>
<Content><![CDATA[新闻]]></Content>
<MsgId>22564806269996714</MsgId>
</xml>





2020-01-06 11:25:19<xml><ToUserName><![CDATA[gh_d8eee03d7d27]]></ToUserName>
<FromUserName><![CDATA[osgA1xM5iXawULn44FQvew-W7tMI]]></FromUserName>
<CreateTime>1576133614</CreateTime>
<MsgType><![CDATA[text]]></MsgType>
<Content><![CDATA[新闻]]></Content>
<MsgId>22564806269996714</MsgId>
</xml>





2020-01-06 11:26:09<xml><ToUserName><![CDATA[gh_d8eee03d7d27]]></ToUserName>
<FromUserName><![CDATA[osgA1xM5iXawULn44FQvew-W7tMI]]></FromUserName>
<CreateTime>1576133614</CreateTime>
<MsgType><![CDATA[text]]></MsgType>
<Content><![CDATA[新闻]]></Content>
<MsgId>22564806269996714</MsgId>
</xml>





2020-01-06 11:27:32<xml><ToUserName><![CDATA[gh_d8eee03d7d27]]></ToUserName>
<FromUserName><![CDATA[osgA1xM5iXawULn44FQvew-W7tMI]]></FromUserName>
<CreateTime>1576133614</CreateTime>
<MsgType><![CDATA[text]]></MsgType>
<Content><![CDATA[新闻]]></Content>
<MsgId>22564806269996714</MsgId>
</xml>





2020-01-06 11:27:45<xml><ToUserName><![CDATA[gh_d8eee03d7d27]]></ToUserName>
<FromUserName><![CDATA[osgA1xM5iXawULn44FQvew-W7tMI]]></FromUserName>
<CreateTime>1576133614</CreateTime>
<MsgType><![CDATA[text]]></MsgType>
<Content><![CDATA[新闻]]></Content>
<MsgId>22564806269996714</MsgId>
</xml>





2020-01-06 11:28:13<xml><ToUserName><![CDATA[gh_d8eee03d7d27]]></ToUserName>
<FromUserName><![CDATA[osgA1xM5iXawULn44FQvew-W7tMI]]></FromUserName>
<CreateTime>1576133614</CreateTime>
<MsgType><![CDATA[text]]></MsgType>
<Content><![CDATA[新闻]]></Content>
<MsgId>22564806269996714</MsgId>
</xml>





2020-01-06 11:29:03<xml><ToUserName><![CDATA[gh_d8eee03d7d27]]></ToUserName>
<FromUserName><![CDATA[osgA1xM5iXawULn44FQvew-W7tMI]]></FromUserName>
<CreateTime>1576133614</CreateTime>
<MsgType><![CDATA[text]]></MsgType>
<Content><![CDATA[新闻]]></Content>
<MsgId>22564806269996714</MsgId>
</xml>





2020-01-06 11:30:49<xml><ToUserName><![CDATA[gh_d8eee03d7d27]]></ToUserName>
<FromUserName><![CDATA[osgA1xM5iXawULn44FQvew-W7tMI]]></FromUserName>
<CreateTime>1576133614</CreateTime>
<MsgType><![CDATA[text]]></MsgType>
<Content><![CDATA[新闻]]></Content>
<MsgId>22564806269996714</MsgId>
</xml>





2020-01-06 11:31:16<xml><ToUserName><![CDATA[gh_d8eee03d7d27]]></ToUserName>
<FromUserName><![CDATA[osgA1xM5iXawULn44FQvew-W7tMI]]></FromUserName>
<CreateTime>1576133614</CreateTime>
<MsgType><![CDATA[text]]></MsgType>
<Content><![CDATA[新闻]]></Content>
<MsgId>22564806269996714</MsgId>
</xml>





2020-01-06 11:33:49<xml><ToUserName><![CDATA[gh_d8eee03d7d27]]></ToUserName>
<FromUserName><![CDATA[osgA1xM5iXawULn44FQvew-W7tMI]]></FromUserName>
<CreateTime>1576133614</CreateTime>
<MsgType><![CDATA[text]]></MsgType>
<Content><![CDATA[新闻]]></Content>
<MsgId>22564806269996714</MsgId>
</xml>





2020-01-06 11:35:30<xml><ToUserName><![CDATA[gh_d8eee03d7d27]]></ToUserName>
<FromUserName><![CDATA[osgA1xM5iXawULn44FQvew-W7tMI]]></FromUserName>
<CreateTime>1576133614</CreateTime>
<MsgType><![CDATA[text]]></MsgType>
<Content><![CDATA[新闻]]></Content>
<MsgId>22564806269996714</MsgId>
</xml>





2020-01-06 11:36:06<xml><ToUserName><![CDATA[gh_d8eee03d7d27]]></ToUserName>
<FromUserName><![CDATA[osgA1xM5iXawULn44FQvew-W7tMI]]></FromUserName>
<CreateTime>1576133614</CreateTime>
<MsgType><![CDATA[text]]></MsgType>
<Content><![CDATA[新闻]]></Content>
<MsgId>22564806269996714</MsgId>
</xml>





2020-01-06 11:36:19<xml><ToUserName><![CDATA[gh_d8eee03d7d27]]></ToUserName>
<FromUserName><![CDATA[osgA1xM5iXawULn44FQvew-W7tMI]]></FromUserName>
<CreateTime>1576133614</CreateTime>
<MsgType><![CDATA[text]]></MsgType>
<Content><![CDATA[新闻]]></Content>
<MsgId>22564806269996714</MsgId>
</xml>





2020-01-06 11:37:06<xml><ToUserName><![CDATA[gh_d8eee03d7d27]]></ToUserName>
<FromUserName><![CDATA[osgA1xM5iXawULn44FQvew-W7tMI]]></FromUserName>
<CreateTime>1576133614</CreateTime>
<MsgType><![CDATA[text]]></MsgType>
<Content><![CDATA[新闻]]></Content>
<MsgId>22564806269996714</MsgId>
</xml>





2020-01-06 11:37:40<xml><ToUserName><![CDATA[gh_d8eee03d7d27]]></ToUserName>
<FromUserName><![CDATA[osgA1xM5iXawULn44FQvew-W7tMI]]></FromUserName>
<CreateTime>1576133614</CreateTime>
<MsgType><![CDATA[text]]></MsgType>
<Content><![CDATA[新闻]]></Content>
<MsgId>22564806269996714</MsgId>
</xml>





2020-01-06 11:38:18<xml><ToUserName><![CDATA[gh_d8eee03d7d27]]></ToUserName>
<FromUserName><![CDATA[osgA1xM5iXawULn44FQvew-W7tMI]]></FromUserName>
<CreateTime>1576133614</CreateTime>
<MsgType><![CDATA[text]]></MsgType>
<Content><![CDATA[新闻]]></Content>
<MsgId>22564806269996714</MsgId>
</xml>





2020-01-06 11:38:49<xml><ToUserName><![CDATA[gh_d8eee03d7d27]]></ToUserName>
<FromUserName><![CDATA[osgA1xM5iXawULn44FQvew-W7tMI]]></FromUserName>
<CreateTime>1576133614</CreateTime>
<MsgType><![CDATA[text]]></MsgType>
<Content><![CDATA[新闻]]></Content>
<MsgId>22564806269996714</MsgId>
</xml>





2020-01-06 11:39:29<xml><ToUserName><![CDATA[gh_d8eee03d7d27]]></ToUserName>
<FromUserName><![CDATA[osgA1xM5iXawULn44FQvew-W7tMI]]></FromUserName>
<CreateTime>1576133614</CreateTime>
<MsgType><![CDATA[text]]></MsgType>
<Content><![CDATA[新闻]]></Content>
<MsgId>22564806269996714</MsgId>
</xml>





2020-01-06 11:39:50<xml><ToUserName><![CDATA[gh_d8eee03d7d27]]></ToUserName>
<FromUserName><![CDATA[osgA1xM5iXawULn44FQvew-W7tMI]]></FromUserName>
<CreateTime>1576133614</CreateTime>
<MsgType><![CDATA[text]]></MsgType>
<Content><![CDATA[新闻]]></Content>
<MsgId>22564806269996714</MsgId>
</xml>





2020-01-06 11:40:04<xml><ToUserName><![CDATA[gh_d8eee03d7d27]]></ToUserName>
<FromUserName><![CDATA[osgA1xM5iXawULn44FQvew-W7tMI]]></FromUserName>
<CreateTime>1576133614</CreateTime>
<MsgType><![CDATA[text]]></MsgType>
<Content><![CDATA[新闻]]></Content>
<MsgId>22564806269996714</MsgId>
</xml>





2020-01-06 11:41:57<xml><ToUserName><![CDATA[gh_d8eee03d7d27]]></ToUserName>
<FromUserName><![CDATA[osgA1xM5iXawULn44FQvew-W7tMI]]></FromUserName>
<CreateTime>1576133614</CreateTime>
<MsgType><![CDATA[text]]></MsgType>
<Content><![CDATA[最新新闻]]></Content>
<MsgId>22564806269996714</MsgId>
</xml>





2020-01-06 11:42:23<xml><ToUserName><![CDATA[gh_d8eee03d7d27]]></ToUserName>
<FromUserName><![CDATA[osgA1xM5iXawULn44FQvew-W7tMI]]></FromUserName>
<CreateTime>1576133614</CreateTime>
<MsgType><![CDATA[text]]></MsgType>
<Content><![CDATA[最新新闻]]></Content>
<MsgId>22564806269996714</MsgId>
</xml>





2020-01-06 11:43:20<xml><ToUserName><![CDATA[gh_d8eee03d7d27]]></ToUserName>
<FromUserName><![CDATA[osgA1xM5iXawULn44FQvew-W7tMI]]></FromUserName>
<CreateTime>1576133614</CreateTime>
<MsgType><![CDATA[text]]></MsgType>
<Content><![CDATA[最新新闻]]></Content>
<MsgId>22564806269996714</MsgId>
</xml>





2020-01-06 11:43:39<xml><ToUserName><![CDATA[gh_d8eee03d7d27]]></ToUserName>
<FromUserName><![CDATA[osgA1xM5iXawULn44FQvew-W7tMI]]></FromUserName>
<CreateTime>1576133614</CreateTime>
<MsgType><![CDATA[text]]></MsgType>
<Content><![CDATA[最新新闻]]></Content>
<MsgId>22564806269996714</MsgId>
</xml>





2020-01-06 11:43:54<xml><ToUserName><![CDATA[gh_d8eee03d7d27]]></ToUserName>
<FromUserName><![CDATA[osgA1xM5iXawULn44FQvew-W7tMI]]></FromUserName>
<CreateTime>1576133614</CreateTime>
<MsgType><![CDATA[text]]></MsgType>
<Content><![CDATA[最新新闻]]></Content>
<MsgId>22564806269996714</MsgId>
</xml>





2020-01-06 11:44:12<xml><ToUserName><![CDATA[gh_d8eee03d7d27]]></ToUserName>
<FromUserName><![CDATA[osgA1xM5iXawULn44FQvew-W7tMI]]></FromUserName>
<CreateTime>1576133614</CreateTime>
<MsgType><![CDATA[text]]></MsgType>
<Content><![CDATA[最新新闻]]></Content>
<MsgId>22564806269996714</MsgId>
</xml>





2020-01-06 11:44:40<xml><ToUserName><![CDATA[gh_d8eee03d7d27]]></ToUserName>
<FromUserName><![CDATA[osgA1xM5iXawULn44FQvew-W7tMI]]></FromUserName>
<CreateTime>1576133614</CreateTime>
<MsgType><![CDATA[text]]></MsgType>
<Content><![CDATA[最新新闻]]></Content>
<MsgId>22564806269996714</MsgId>
</xml>





2020-01-06 11:44:57<xml><ToUserName><![CDATA[gh_d8eee03d7d27]]></ToUserName>
<FromUserName><![CDATA[osgA1xM5iXawULn44FQvew-W7tMI]]></FromUserName>
<CreateTime>1576133614</CreateTime>
<MsgType><![CDATA[text]]></MsgType>
<Content><![CDATA[最新新闻]]></Content>
<MsgId>22564806269996714</MsgId>
</xml>





2020-01-06 11:45:56<xml><ToUserName><![CDATA[gh_d8eee03d7d27]]></ToUserName>
<FromUserName><![CDATA[osgA1xM5iXawULn44FQvew-W7tMI]]></FromUserName>
<CreateTime>1576133614</CreateTime>
<MsgType><![CDATA[text]]></MsgType>
<Content><![CDATA[最新新闻]]></Content>
<MsgId>22564806269996714</MsgId>
</xml>





2020-01-06 11:46:45<xml><ToUserName><![CDATA[gh_d8eee03d7d27]]></ToUserName>
<FromUserName><![CDATA[osgA1xM5iXawULn44FQvew-W7tMI]]></FromUserName>
<CreateTime>1576133614</CreateTime>
<MsgType><![CDATA[text]]></MsgType>
<Content><![CDATA[最新新闻]]></Content>
<MsgId>22564806269996714</MsgId>
</xml>





2020-01-06 11:48:35<xml><ToUserName><![CDATA[gh_d8eee03d7d27]]></ToUserName>
<FromUserName><![CDATA[osgA1xM5iXawULn44FQvew-W7tMI]]></FromUserName>
<CreateTime>1576133614</CreateTime>
<MsgType><![CDATA[text]]></MsgType>
<Content><![CDATA[最新新闻]]></Content>
<MsgId>22564806269996714</MsgId>
</xml>





2020-01-06 11:49:05<xml><ToUserName><![CDATA[gh_d8eee03d7d27]]></ToUserName>
<FromUserName><![CDATA[osgA1xM5iXawULn44FQvew-W7tMI]]></FromUserName>
<CreateTime>1576133614</CreateTime>
<MsgType><![CDATA[text]]></MsgType>
<Content><![CDATA[最新新闻]]></Content>
<MsgId>22564806269996714</MsgId>
</xml>





2020-01-06 11:50:46<xml><ToUserName><![CDATA[gh_d8eee03d7d27]]></ToUserName>
<FromUserName><![CDATA[osgA1xM5iXawULn44FQvew-W7tMI]]></FromUserName>
<CreateTime>1576133614</CreateTime>
<MsgType><![CDATA[text]]></MsgType>
<Content><![CDATA[最新新闻]]></Content>
<MsgId>22564806269996714</MsgId>
</xml>





2020-01-06 11:51:18<xml><ToUserName><![CDATA[gh_d8eee03d7d27]]></ToUserName>
<FromUserName><![CDATA[osgA1xM5iXawULn44FQvew-W7tMI]]></FromUserName>
<CreateTime>1576133614</CreateTime>
<MsgType><![CDATA[text]]></MsgType>
<Content><![CDATA[最新新闻]]></Content>
<MsgId>22564806269996714</MsgId>
</xml>





2020-01-06 11:51:54<xml><ToUserName><![CDATA[gh_d8eee03d7d27]]></ToUserName>
<FromUserName><![CDATA[osgA1xM5iXawULn44FQvew-W7tMI]]></FromUserName>
<CreateTime>1576133614</CreateTime>
<MsgType><![CDATA[text]]></MsgType>
<Content><![CDATA[最新新闻]]></Content>
<MsgId>22564806269996714</MsgId>
</xml>





2020-01-06 11:52:07<xml><ToUserName><![CDATA[gh_d8eee03d7d27]]></ToUserName>
<FromUserName><![CDATA[osgA1xM5iXawULn44FQvew-W7tMI]]></FromUserName>
<CreateTime>1576133614</CreateTime>
<MsgType><![CDATA[text]]></MsgType>
<Content><![CDATA[最新新闻]]></Content>
<MsgId>22564806269996714</MsgId>
</xml>





2020-01-06 11:52:22<xml><ToUserName><![CDATA[gh_d8eee03d7d27]]></ToUserName>
<FromUserName><![CDATA[osgA1xM5iXawULn44FQvew-W7tMI]]></FromUserName>
<CreateTime>1576133614</CreateTime>
<MsgType><![CDATA[text]]></MsgType>
<Content><![CDATA[最新新闻]]></Content>
<MsgId>22564806269996714</MsgId>
</xml>





2020-01-06 11:52:46<xml><ToUserName><![CDATA[gh_d8eee03d7d27]]></ToUserName>
<FromUserName><![CDATA[osgA1xM5iXawULn44FQvew-W7tMI]]></FromUserName>
<CreateTime>1576133614</CreateTime>
<MsgType><![CDATA[text]]></MsgType>
<Content><![CDATA[最新新闻]]></Content>
<MsgId>22564806269996714</MsgId>
</xml>





2020-01-06 11:53:15<xml><ToUserName><![CDATA[gh_d8eee03d7d27]]></ToUserName>
<FromUserName><![CDATA[osgA1xM5iXawULn44FQvew-W7tMI]]></FromUserName>
<CreateTime>1576133614</CreateTime>
<MsgType><![CDATA[text]]></MsgType>
<Content><![CDATA[最新新闻]]></Content>
<MsgId>22564806269996714</MsgId>
</xml>





2020-01-06 11:53:25<xml><ToUserName><![CDATA[gh_d8eee03d7d27]]></ToUserName>
<FromUserName><![CDATA[osgA1xM5iXawULn44FQvew-W7tMI]]></FromUserName>
<CreateTime>1576133614</CreateTime>
<MsgType><![CDATA[text]]></MsgType>
<Content><![CDATA[最新新闻]]></Content>
<MsgId>22564806269996714</MsgId>
</xml>





2020-01-06 11:55:38<xml><ToUserName><![CDATA[gh_d8eee03d7d27]]></ToUserName>
<FromUserName><![CDATA[osgA1xM5iXawULn44FQvew-W7tMI]]></FromUserName>
<CreateTime>1576133614</CreateTime>
<MsgType><![CDATA[text]]></MsgType>
<Content><![CDATA[最新新闻]]></Content>
<MsgId>22564806269996714</MsgId>
</xml>





2020-01-06 11:55:56<xml><ToUserName><![CDATA[gh_d8eee03d7d27]]></ToUserName>
<FromUserName><![CDATA[osgA1xM5iXawULn44FQvew-W7tMI]]></FromUserName>
<CreateTime>1576133614</CreateTime>
<MsgType><![CDATA[text]]></MsgType>
<Content><![CDATA[最新新闻]]></Content>
<MsgId>22564806269996714</MsgId>
</xml>





2020-01-06 11:57:36<xml><ToUserName><![CDATA[gh_d8eee03d7d27]]></ToUserName>
<FromUserName><![CDATA[osgA1xM5iXawULn44FQvew-W7tMI]]></FromUserName>
<CreateTime>1576133614</CreateTime>
<MsgType><![CDATA[text]]></MsgType>
<Content><![CDATA[最新新闻]]></Content>
<MsgId>22564806269996714</MsgId>
</xml>





2020-01-06 11:57:51<xml><ToUserName><![CDATA[gh_d8eee03d7d27]]></ToUserName>
<FromUserName><![CDATA[osgA1xM5iXawULn44FQvew-W7tMI]]></FromUserName>
<CreateTime>1576133614</CreateTime>
<MsgType><![CDATA[text]]></MsgType>
<Content><![CDATA[最新新闻]]></Content>
<MsgId>22564806269996714</MsgId>
</xml>





2020-01-06 11:58:39<xml><ToUserName><![CDATA[gh_d8eee03d7d27]]></ToUserName>
<FromUserName><![CDATA[osgA1xM5iXawULn44FQvew-W7tMI]]></FromUserName>
<CreateTime>1576133614</CreateTime>
<MsgType><![CDATA[text]]></MsgType>
<Content><![CDATA[最新新闻]]></Content>
<MsgId>22564806269996714</MsgId>
</xml>





2020-01-06 11:59:27<xml><ToUserName><![CDATA[gh_d8eee03d7d27]]></ToUserName>
<FromUserName><![CDATA[osgA1xM5iXawULn44FQvew-W7tMI]]></FromUserName>
<CreateTime>1576133614</CreateTime>
<MsgType><![CDATA[text]]></MsgType>
<Content><![CDATA[最新新闻]]></Content>
<MsgId>22564806269996714</MsgId>
</xml>





2020-01-06 12:00:21<xml><ToUserName><![CDATA[gh_d8eee03d7d27]]></ToUserName>
<FromUserName><![CDATA[osgA1xM5iXawULn44FQvew-W7tMI]]></FromUserName>
<CreateTime>1576133614</CreateTime>
<MsgType><![CDATA[text]]></MsgType>
<Content><![CDATA[最新新闻]]></Content>
<MsgId>22564806269996714</MsgId>
</xml>





2020-01-06 12:01:00<xml><ToUserName><![CDATA[gh_d8eee03d7d27]]></ToUserName>
<FromUserName><![CDATA[osgA1xM5iXawULn44FQvew-W7tMI]]></FromUserName>
<CreateTime>1576133614</CreateTime>
<MsgType><![CDATA[text]]></MsgType>
<Content><![CDATA[最新新闻]]></Content>
<MsgId>22564806269996714</MsgId>
</xml>





2020-01-06 12:01:20<xml><ToUserName><![CDATA[gh_d8eee03d7d27]]></ToUserName>
<FromUserName><![CDATA[osgA1xM5iXawULn44FQvew-W7tMI]]></FromUserName>
<CreateTime>1576133614</CreateTime>
<MsgType><![CDATA[text]]></MsgType>
<Content><![CDATA[最新新闻]]></Content>
<MsgId>22564806269996714</MsgId>
</xml>





2020-01-06 12:01:59<xml><ToUserName><![CDATA[gh_d8eee03d7d27]]></ToUserName>
<FromUserName><![CDATA[osgA1xM5iXawULn44FQvew-W7tMI]]></FromUserName>
<CreateTime>1576133614</CreateTime>
<MsgType><![CDATA[text]]></MsgType>
<Content><![CDATA[最新新闻]]></Content>
<MsgId>22564806269996714</MsgId>
</xml>





2020-01-06 12:06:59<xml><ToUserName><![CDATA[gh_d8eee03d7d27]]></ToUserName>
<FromUserName><![CDATA[osgA1xM5iXawULn44FQvew-W7tMI]]></FromUserName>
<CreateTime>1576133614</CreateTime>
<MsgType><![CDATA[text]]></MsgType>
<Content><![CDATA[最新新闻]]></Content>
<MsgId>22564806269996714</MsgId>
</xml>





2020-01-06 12:07:21<xml><ToUserName><![CDATA[gh_d8eee03d7d27]]></ToUserName>
<FromUserName><![CDATA[osgA1xM5iXawULn44FQvew-W7tMI]]></FromUserName>
<CreateTime>1576133614</CreateTime>
<MsgType><![CDATA[text]]></MsgType>
<Content><![CDATA[最新新闻]]></Content>
<MsgId>22564806269996714</MsgId>
</xml>





2020-01-06 12:07:48<xml><ToUserName><![CDATA[gh_d8eee03d7d27]]></ToUserName>
<FromUserName><![CDATA[osgA1xM5iXawULn44FQvew-W7tMI]]></FromUserName>
<CreateTime>1576133614</CreateTime>
<MsgType><![CDATA[text]]></MsgType>
<Content><![CDATA[最新新闻]]></Content>
<MsgId>22564806269996714</MsgId>
</xml>





2020-01-06 12:08:05<xml><ToUserName><![CDATA[gh_d8eee03d7d27]]></ToUserName>
<FromUserName><![CDATA[osgA1xM5iXawULn44FQvew-W7tMI]]></FromUserName>
<CreateTime>1576133614</CreateTime>
<MsgType><![CDATA[text]]></MsgType>
<Content><![CDATA[最新新闻]]></Content>
<MsgId>22564806269996714</MsgId>
</xml>





2020-01-06 12:12:10<xml><ToUserName><![CDATA[gh_d8eee03d7d27]]></ToUserName>
<FromUserName><![CDATA[osgA1xM5iXawULn44FQvew-W7tMI]]></FromUserName>
<CreateTime>1576133614</CreateTime>
<MsgType><![CDATA[text]]></MsgType>
<Content><![CDATA[新闻]]></Content>
<MsgId>22564806269996714</MsgId>
</xml>





2020-01-06 12:12:38<xml><ToUserName><![CDATA[gh_d8eee03d7d27]]></ToUserName>
<FromUserName><![CDATA[osgA1xM5iXawULn44FQvew-W7tMI]]></FromUserName>
<CreateTime>1576133614</CreateTime>
<MsgType><![CDATA[text]]></MsgType>
<Content><![CDATA[新闻]]></Content>
<MsgId>22564806269996714</MsgId>
</xml>





2020-01-06 12:12:57<xml><ToUserName><![CDATA[gh_d8eee03d7d27]]></ToUserName>
<FromUserName><![CDATA[osgA1xM5iXawULn44FQvew-W7tMI]]></FromUserName>
<CreateTime>1576133614</CreateTime>
<MsgType><![CDATA[text]]></MsgType>
<Content><![CDATA[新闻]]></Content>
<MsgId>22564806269996714</MsgId>
</xml>





2020-01-06 12:13:33<xml><ToUserName><![CDATA[gh_d8eee03d7d27]]></ToUserName>
<FromUserName><![CDATA[osgA1xM5iXawULn44FQvew-W7tMI]]></FromUserName>
<CreateTime>1576133614</CreateTime>
<MsgType><![CDATA[text]]></MsgType>
<Content><![CDATA[新闻]]></Content>
<MsgId>22564806269996714</MsgId>
</xml>





2020-01-06 12:14:14<xml><ToUserName><![CDATA[gh_d8eee03d7d27]]></ToUserName>
<FromUserName><![CDATA[osgA1xM5iXawULn44FQvew-W7tMI]]></FromUserName>
<CreateTime>1576133614</CreateTime>
<MsgType><![CDATA[text]]></MsgType>
<Content><![CDATA[新闻]]></Content>
<MsgId>22564806269996714</MsgId>
</xml>





2020-01-06 12:14:33<xml><ToUserName><![CDATA[gh_d8eee03d7d27]]></ToUserName>
<FromUserName><![CDATA[osgA1xM5iXawULn44FQvew-W7tMI]]></FromUserName>
<CreateTime>1576133614</CreateTime>
<MsgType><![CDATA[text]]></MsgType>
<Content><![CDATA[新闻]]></Content>
<MsgId>22564806269996714</MsgId>
</xml>





2020-01-06 12:16:15<xml><ToUserName><![CDATA[gh_d8eee03d7d27]]></ToUserName>
<FromUserName><![CDATA[osgA1xM5iXawULn44FQvew-W7tMI]]></FromUserName>
<CreateTime>1576133614</CreateTime>
<MsgType><![CDATA[text]]></MsgType>
<Content><![CDATA[新闻]]></Content>
<MsgId>22564806269996714</MsgId>
</xml>





2020-01-06 12:16:29<xml><ToUserName><![CDATA[gh_d8eee03d7d27]]></ToUserName>
<FromUserName><![CDATA[osgA1xM5iXawULn44FQvew-W7tMI]]></FromUserName>
<CreateTime>1576133614</CreateTime>
<MsgType><![CDATA[text]]></MsgType>
<Content><![CDATA[新闻]]></Content>
<MsgId>22564806269996714</MsgId>
</xml>





2020-01-06 12:19:57<xml><ToUserName><![CDATA[gh_d8eee03d7d27]]></ToUserName>
<FromUserName><![CDATA[osgA1xM5iXawULn44FQvew-W7tMI]]></FromUserName>
<CreateTime>1576133614</CreateTime>
<MsgType><![CDATA[text]]></MsgType>
<Content><![CDATA[新闻]]></Content>
<MsgId>22564806269996714</MsgId>
</xml>





2020-01-06 12:20:28<xml><ToUserName><![CDATA[gh_d8eee03d7d27]]></ToUserName>
<FromUserName><![CDATA[osgA1xM5iXawULn44FQvew-W7tMI]]></FromUserName>
<CreateTime>1576133614</CreateTime>
<MsgType><![CDATA[text]]></MsgType>
<Content><![CDATA[新闻]]></Content>
<MsgId>22564806269996714</MsgId>
</xml>





2020-01-06 12:24:36<xml><ToUserName><![CDATA[gh_d8eee03d7d27]]></ToUserName>
<FromUserName><![CDATA[osgA1xM5iXawULn44FQvew-W7tMI]]></FromUserName>
<CreateTime>1576133614</CreateTime>
<MsgType><![CDATA[text]]></MsgType>
<Content><![CDATA[新闻]]></Content>
<MsgId>22564806269996714</MsgId>
</xml>





2020-01-06 12:26:34<xml><ToUserName><![CDATA[gh_d8eee03d7d27]]></ToUserName>
<FromUserName><![CDATA[osgA1xM5iXawULn44FQvew-W7tMI]]></FromUserName>
<CreateTime>1576133614</CreateTime>
<MsgType><![CDATA[text]]></MsgType>
<Content><![CDATA[新闻]]></Content>
<MsgId>22564806269996714</MsgId>
</xml>





2020-01-06 12:27:47<xml><ToUserName><![CDATA[gh_d8eee03d7d27]]></ToUserName>
<FromUserName><![CDATA[osgA1xM5iXawULn44FQvew-W7tMI]]></FromUserName>
<CreateTime>1576133614</CreateTime>
<MsgType><![CDATA[text]]></MsgType>
<Content><![CDATA[新闻]]></Content>
<MsgId>22564806269996714</MsgId>
</xml>





2020-01-06 12:28:15<xml><ToUserName><![CDATA[gh_d8eee03d7d27]]></ToUserName>
<FromUserName><![CDATA[osgA1xM5iXawULn44FQvew-W7tMI]]></FromUserName>
<CreateTime>1576133614</CreateTime>
<MsgType><![CDATA[text]]></MsgType>
<Content><![CDATA[新闻]]></Content>
<MsgId>22564806269996714</MsgId>
</xml>





2020-01-06 12:28:43<xml><ToUserName><![CDATA[gh_d8eee03d7d27]]></ToUserName>
<FromUserName><![CDATA[osgA1xM5iXawULn44FQvew-W7tMI]]></FromUserName>
<CreateTime>1576133614</CreateTime>
<MsgType><![CDATA[text]]></MsgType>
<Content><![CDATA[新闻]]></Content>
<MsgId>22564806269996714</MsgId>
</xml>





2020-01-06 12:28:52<xml><ToUserName><![CDATA[gh_d8eee03d7d27]]></ToUserName>
<FromUserName><![CDATA[osgA1xM5iXawULn44FQvew-W7tMI]]></FromUserName>
<CreateTime>1576133614</CreateTime>
<MsgType><![CDATA[text]]></MsgType>
<Content><![CDATA[新闻]]></Content>
<MsgId>22564806269996714</MsgId>
</xml>





2020-01-06 12:29:17<xml><ToUserName><![CDATA[gh_d8eee03d7d27]]></ToUserName>
<FromUserName><![CDATA[osgA1xM5iXawULn44FQvew-W7tMI]]></FromUserName>
<CreateTime>1576133614</CreateTime>
<MsgType><![CDATA[text]]></MsgType>
<Content><![CDATA[新闻]]></Content>
<MsgId>22564806269996714</MsgId>
</xml>





2020-01-06 12:29:44<xml><ToUserName><![CDATA[gh_d8eee03d7d27]]></ToUserName>
<FromUserName><![CDATA[osgA1xM5iXawULn44FQvew-W7tMI]]></FromUserName>
<CreateTime>1576133614</CreateTime>
<MsgType><![CDATA[text]]></MsgType>
<Content><![CDATA[新闻]]></Content>
<MsgId>22564806269996714</MsgId>
</xml>





2020-01-06 12:31:57<xml><ToUserName><![CDATA[gh_d8eee03d7d27]]></ToUserName>
<FromUserName><![CDATA[osgA1xM5iXawULn44FQvew-W7tMI]]></FromUserName>
<CreateTime>1576133614</CreateTime>
<MsgType><![CDATA[text]]></MsgType>
<Content><![CDATA[新闻]]></Content>
<MsgId>22564806269996714</MsgId>
</xml>





2020-01-06 12:32:14<xml><ToUserName><![CDATA[gh_d8eee03d7d27]]></ToUserName>
<FromUserName><![CDATA[osgA1xM5iXawULn44FQvew-W7tMI]]></FromUserName>
<CreateTime>1576133614</CreateTime>
<MsgType><![CDATA[text]]></MsgType>
<Content><![CDATA[新闻]]></Content>
<MsgId>22564806269996714</MsgId>
</xml>





2020-01-06 12:32:19<xml><ToUserName><![CDATA[gh_d8eee03d7d27]]></ToUserName>
<FromUserName><![CDATA[osgA1xM5iXawULn44FQvew-W7tMI]]></FromUserName>
<CreateTime>1576133614</CreateTime>
<MsgType><![CDATA[text]]></MsgType>
<Content><![CDATA[新闻]]></Content>
<MsgId>22564806269996714</MsgId>
</xml>





2020-01-06 12:32:37<xml><ToUserName><![CDATA[gh_d8eee03d7d27]]></ToUserName>
<FromUserName><![CDATA[osgA1xM5iXawULn44FQvew-W7tMI]]></FromUserName>
<CreateTime>1576133614</CreateTime>
<MsgType><![CDATA[text]]></MsgType>
<Content><![CDATA[新闻]]></Content>
<MsgId>22564806269996714</MsgId>
</xml>





2020-01-06 12:33:33<xml><ToUserName><![CDATA[gh_d8eee03d7d27]]></ToUserName>
<FromUserName><![CDATA[osgA1xM5iXawULn44FQvew-W7tMI]]></FromUserName>
<CreateTime>1576133614</CreateTime>
<MsgType><![CDATA[text]]></MsgType>
<Content><![CDATA[新闻]]></Content>
<MsgId>22564806269996714</MsgId>
</xml>





2020-01-06 12:34:06<xml><ToUserName><![CDATA[gh_d8eee03d7d27]]></ToUserName>
<FromUserName><![CDATA[osgA1xM5iXawULn44FQvew-W7tMI]]></FromUserName>
<CreateTime>1576133614</CreateTime>
<MsgType><![CDATA[text]]></MsgType>
<Content><![CDATA[新闻]]></Content>
<MsgId>22564806269996714</MsgId>
</xml>





2020-01-06 12:34:41<xml><ToUserName><![CDATA[gh_d8eee03d7d27]]></ToUserName>
<FromUserName><![CDATA[osgA1xM5iXawULn44FQvew-W7tMI]]></FromUserName>
<CreateTime>1576133614</CreateTime>
<MsgType><![CDATA[text]]></MsgType>
<Content><![CDATA[新闻]]></Content>
<MsgId>22564806269996714</MsgId>
</xml>





2020-01-06 12:35:03<xml><ToUserName><![CDATA[gh_d8eee03d7d27]]></ToUserName>
<FromUserName><![CDATA[osgA1xM5iXawULn44FQvew-W7tMI]]></FromUserName>
<CreateTime>1576133614</CreateTime>
<MsgType><![CDATA[text]]></MsgType>
<Content><![CDATA[新闻]]></Content>
<MsgId>22564806269996714</MsgId>
</xml>





2020-01-06 12:36:44<xml><ToUserName><![CDATA[gh_d8eee03d7d27]]></ToUserName>
<FromUserName><![CDATA[osgA1xM5iXawULn44FQvew-W7tMI]]></FromUserName>
<CreateTime>1576133614</CreateTime>
<MsgType><![CDATA[text]]></MsgType>
<Content><![CDATA[新闻]]></Content>
<MsgId>22564806269996714</MsgId>
</xml>





2020-01-06 12:37:06<xml><ToUserName><![CDATA[gh_d8eee03d7d27]]></ToUserName>
<FromUserName><![CDATA[osgA1xM5iXawULn44FQvew-W7tMI]]></FromUserName>
<CreateTime>1576133614</CreateTime>
<MsgType><![CDATA[text]]></MsgType>
<Content><![CDATA[新闻]]></Content>
<MsgId>22564806269996714</MsgId>
</xml>





2020-01-06 12:37:20<xml><ToUserName><![CDATA[gh_d8eee03d7d27]]></ToUserName>
<FromUserName><![CDATA[osgA1xM5iXawULn44FQvew-W7tMI]]></FromUserName>
<CreateTime>1576133614</CreateTime>
<MsgType><![CDATA[text]]></MsgType>
<Content><![CDATA[新闻]]></Content>
<MsgId>22564806269996714</MsgId>
</xml>





2020-01-06 12:37:29<xml><ToUserName><![CDATA[gh_d8eee03d7d27]]></ToUserName>
<FromUserName><![CDATA[osgA1xM5iXawULn44FQvew-W7tMI]]></FromUserName>
<CreateTime>1576133614</CreateTime>
<MsgType><![CDATA[text]]></MsgType>
<Content><![CDATA[新闻]]></Content>
<MsgId>22564806269996714</MsgId>
</xml>





2020-01-06 12:37:51<xml><ToUserName><![CDATA[gh_d8eee03d7d27]]></ToUserName>
<FromUserName><![CDATA[osgA1xM5iXawULn44FQvew-W7tMI]]></FromUserName>
<CreateTime>1576133614</CreateTime>
<MsgType><![CDATA[text]]></MsgType>
<Content><![CDATA[新闻]]></Content>
<MsgId>22564806269996714</MsgId>
</xml>





2020-01-06 12:38:01<xml><ToUserName><![CDATA[gh_d8eee03d7d27]]></ToUserName>
<FromUserName><![CDATA[osgA1xM5iXawULn44FQvew-W7tMI]]></FromUserName>
<CreateTime>1576133614</CreateTime>
<MsgType><![CDATA[text]]></MsgType>
<Content><![CDATA[新闻]]></Content>
<MsgId>22564806269996714</MsgId>
</xml>





2020-01-06 12:38:21<xml><ToUserName><![CDATA[gh_d8eee03d7d27]]></ToUserName>
<FromUserName><![CDATA[osgA1xM5iXawULn44FQvew-W7tMI]]></FromUserName>
<CreateTime>1576133614</CreateTime>
<MsgType><![CDATA[text]]></MsgType>
<Content><![CDATA[新闻]]></Content>
<MsgId>22564806269996714</MsgId>
</xml>





2020-01-06 12:38:33<xml><ToUserName><![CDATA[gh_d8eee03d7d27]]></ToUserName>
<FromUserName><![CDATA[osgA1xM5iXawULn44FQvew-W7tMI]]></FromUserName>
<CreateTime>1576133614</CreateTime>
<MsgType><![CDATA[text]]></MsgType>
<Content><![CDATA[新闻]]></Content>
<MsgId>22564806269996714</MsgId>
</xml>





2020-01-06 12:39:20<xml><ToUserName><![CDATA[gh_d8eee03d7d27]]></ToUserName>
<FromUserName><![CDATA[osgA1xM5iXawULn44FQvew-W7tMI]]></FromUserName>
<CreateTime>1576133614</CreateTime>
<MsgType><![CDATA[text]]></MsgType>
<Content><![CDATA[新闻]]></Content>
<MsgId>22564806269996714</MsgId>
</xml>





2020-01-06 12:39:33<xml><ToUserName><![CDATA[gh_d8eee03d7d27]]></ToUserName>
<FromUserName><![CDATA[osgA1xM5iXawULn44FQvew-W7tMI]]></FromUserName>
<CreateTime>1576133614</CreateTime>
<MsgType><![CDATA[text]]></MsgType>
<Content><![CDATA[新闻]]></Content>
<MsgId>22564806269996714</MsgId>
</xml>





2020-01-06 12:40:06<xml><ToUserName><![CDATA[gh_d8eee03d7d27]]></ToUserName>
<FromUserName><![CDATA[osgA1xM5iXawULn44FQvew-W7tMI]]></FromUserName>
<CreateTime>1576133614</CreateTime>
<MsgType><![CDATA[text]]></MsgType>
<Content><![CDATA[新闻]]></Content>
<MsgId>22564806269996714</MsgId>
</xml>





2020-01-06 12:40:17<xml><ToUserName><![CDATA[gh_d8eee03d7d27]]></ToUserName>
<FromUserName><![CDATA[osgA1xM5iXawULn44FQvew-W7tMI]]></FromUserName>
<CreateTime>1576133614</CreateTime>
<MsgType><![CDATA[text]]></MsgType>
<Content><![CDATA[新闻]]></Content>
<MsgId>22564806269996714</MsgId>
</xml>





2020-01-06 12:48:10<xml><ToUserName><![CDATA[gh_d8eee03d7d27]]></ToUserName>
<FromUserName><![CDATA[osgA1xM5iXawULn44FQvew-W7tMI]]></FromUserName>
<CreateTime>1576133614</CreateTime>
<MsgType><![CDATA[text]]></MsgType>
<Content><![CDATA[6新闻]]></Content>
<MsgId>22564806269996714</MsgId>
</xml>





2020-01-06 12:52:32<xml><ToUserName><![CDATA[gh_d8eee03d7d27]]></ToUserName>
<FromUserName><![CDATA[osgA1xM5iXawULn44FQvew-W7tMI]]></FromUserName>
<CreateTime>1576133614</CreateTime>
<MsgType><![CDATA[text]]></MsgType>
<Content><![CDATA[6新闻]]></Content>
<MsgId>22564806269996714</MsgId>
</xml>





2020-01-06 12:53:11<xml><ToUserName><![CDATA[gh_d8eee03d7d27]]></ToUserName>
<FromUserName><![CDATA[osgA1xM5iXawULn44FQvew-W7tMI]]></FromUserName>
<CreateTime>1576133614</CreateTime>
<MsgType><![CDATA[text]]></MsgType>
<Content><![CDATA[6新闻]]></Content>
<MsgId>22564806269996714</MsgId>
</xml>





2020-01-06 12:53:27<xml><ToUserName><![CDATA[gh_d8eee03d7d27]]></ToUserName>
<FromUserName><![CDATA[osgA1xM5iXawULn44FQvew-W7tMI]]></FromUserName>
<CreateTime>1576133614</CreateTime>
<MsgType><![CDATA[text]]></MsgType>
<Content><![CDATA[6新闻]]></Content>
<MsgId>22564806269996714</MsgId>
</xml>





2020-01-06 12:54:01<xml><ToUserName><![CDATA[gh_d8eee03d7d27]]></ToUserName>
<FromUserName><![CDATA[osgA1xM5iXawULn44FQvew-W7tMI]]></FromUserName>
<CreateTime>1576133614</CreateTime>
<MsgType><![CDATA[text]]></MsgType>
<Content><![CDATA[6新闻]]></Content>
<MsgId>22564806269996714</MsgId>
</xml>





2020-01-06 12:55:20<xml><ToUserName><![CDATA[gh_d8eee03d7d27]]></ToUserName>
<FromUserName><![CDATA[osgA1xM5iXawULn44FQvew-W7tMI]]></FromUserName>
<CreateTime>1576133614</CreateTime>
<MsgType><![CDATA[text]]></MsgType>
<Content><![CDATA[6新闻]]></Content>
<MsgId>22564806269996714</MsgId>
</xml>





2020-01-06 12:55:35<xml><ToUserName><![CDATA[gh_d8eee03d7d27]]></ToUserName>
<FromUserName><![CDATA[osgA1xM5iXawULn44FQvew-W7tMI]]></FromUserName>
<CreateTime>1576133614</CreateTime>
<MsgType><![CDATA[text]]></MsgType>
<Content><![CDATA[6新闻]]></Content>
<MsgId>22564806269996714</MsgId>
</xml>





2020-01-06 12:55:40<xml><ToUserName><![CDATA[gh_d8eee03d7d27]]></ToUserName>
<FromUserName><![CDATA[osgA1xM5iXawULn44FQvew-W7tMI]]></FromUserName>
<CreateTime>1576133614</CreateTime>
<MsgType><![CDATA[text]]></MsgType>
<Content><![CDATA[6新闻]]></Content>
<MsgId>22564806269996714</MsgId>
</xml>





2020-01-06 12:55:51<xml><ToUserName><![CDATA[gh_d8eee03d7d27]]></ToUserName>
<FromUserName><![CDATA[osgA1xM5iXawULn44FQvew-W7tMI]]></FromUserName>
<CreateTime>1576133614</CreateTime>
<MsgType><![CDATA[text]]></MsgType>
<Content><![CDATA[6新闻]]></Content>
<MsgId>22564806269996714</MsgId>
</xml>





2020-01-06 12:56:53<xml><ToUserName><![CDATA[gh_d8eee03d7d27]]></ToUserName>
<FromUserName><![CDATA[osgA1xM5iXawULn44FQvew-W7tMI]]></FromUserName>
<CreateTime>1576133614</CreateTime>
<MsgType><![CDATA[text]]></MsgType>
<Content><![CDATA[6新闻]]></Content>
<MsgId>22564806269996714</MsgId>
</xml>





2020-01-06 13:01:04<xml><ToUserName><![CDATA[gh_d8eee03d7d27]]></ToUserName>
<FromUserName><![CDATA[osgA1xM5iXawULn44FQvew-W7tMI]]></FromUserName>
<CreateTime>1576133614</CreateTime>
<MsgType><![CDATA[text]]></MsgType>
<Content><![CDATA[6新闻]]></Content>
<MsgId>22564806269996714</MsgId>
</xml>





2020-01-06 13:01:33<xml><ToUserName><![CDATA[gh_d8eee03d7d27]]></ToUserName>
<FromUserName><![CDATA[osgA1xM5iXawULn44FQvew-W7tMI]]></FromUserName>
<CreateTime>1576133614</CreateTime>
<MsgType><![CDATA[text]]></MsgType>
<Content><![CDATA[6新闻]]></Content>
<MsgId>22564806269996714</MsgId>
</xml>





2020-01-06 13:01:58<xml><ToUserName><![CDATA[gh_d8eee03d7d27]]></ToUserName>
<FromUserName><![CDATA[osgA1xM5iXawULn44FQvew-W7tMI]]></FromUserName>
<CreateTime>1576133614</CreateTime>
<MsgType><![CDATA[text]]></MsgType>
<Content><![CDATA[的发射点新闻]]></Content>
<MsgId>22564806269996714</MsgId>
</xml>





2020-01-06 13:28:25<xml><ToUserName><![CDATA[gh_d8eee03d7d27]]></ToUserName>
<FromUserName><![CDATA[osgA1xM5iXawULn44FQvew-W7tMI]]></FromUserName>
<CreateTime>1576133614</CreateTime>
<MsgType><![CDATA[text]]></MsgType>
<Content><![CDATA[7新闻]]></Content>
<MsgId>22564806269996714</MsgId>
</xml>





2020-01-06 13:30:20<xml><ToUserName><![CDATA[gh_d8eee03d7d27]]></ToUserName>
<FromUserName><![CDATA[osgA1xM5iXawULn44FQvew-W7tMI]]></FromUserName>
<CreateTime>1576133614</CreateTime>
<MsgType><![CDATA[text]]></MsgType>
<Content><![CDATA[放大新闻]]></Content>
<MsgId>22564806269996714</MsgId>
</xml>





2020-01-06 13:31:49<xml><ToUserName><![CDATA[gh_d8eee03d7d27]]></ToUserName>
<FromUserName><![CDATA[osgA1xM5iXawULn44FQvew-W7tMI]]></FromUserName>
<CreateTime>1576133614</CreateTime>
<MsgType><![CDATA[text]]></MsgType>
<Content><![CDATA[放大新闻]]></Content>
<MsgId>22564806269996714</MsgId>
</xml>





2020-01-06 13:34:38<xml><ToUserName><![CDATA[gh_d8eee03d7d27]]></ToUserName>
<FromUserName><![CDATA[osgA1xM5iXawULn44FQvew-W7tMI]]></FromUserName>
<CreateTime>1576133614</CreateTime>
<MsgType><![CDATA[text]]></MsgType>
<Content><![CDATA[6新闻]]></Content>
<MsgId>22564806269996714</MsgId>
</xml>





